  functions.cpp
C:\Users\romar\Desktop\Универ\Программирование\Лабораторна робота 13\Лабораторна робота 13\functions.cpp(1,10): warning C4067:  непредвиденные лексемы за директивой препроцессора, требуется newline
  test.cpp
C:\Users\romar\Desktop\Универ\Программирование\Лабораторна робота 13\Лабораторна робота 13\header.h(14,37): error C2059:  синтаксическая ошибка: )
C:\Users\romar\Desktop\Универ\Программирование\Лабораторна робота 13\Лабораторна робота 13\header.h(14,37): error C2059:  синтаксическая ошибка: )
